105.09.29 18:34 B d:\Projects\Webpage Project\Shatin Kai Kwok\Website\js\style_normal.css --> www.tcglobalwork.com /public_html/demo/webquest/htm/js style_normal.css
105.09.29 18:34 B d:\Projects\Webpage Project\Shatin Kai Kwok\Website\js\style.css --> www.tcglobalwork.com /public_html/demo/webquest/htm/js style.css
105.09.29 18:34 B d:\Projects\Webpage Project\Shatin Kai Kwok\Website\js\calendarevents.js --> www.tcglobalwork.com /public_html/demo/webquest/htm/js calendarevents.js
105.09.29 18:34 B d:\Projects\Webpage Project\Shatin Kai Kwok\Website\js\calendar.css --> www.tcglobalwork.com /public_html/demo/webquest/htm/js calendar.css
105.09.29 18:34 B d:\Projects\Webpage Project\Shatin Kai Kwok\Website\js\calendar.js --> www.tcglobalwork.com /public_html/demo/webquest/htm/js calendar.js
105.09.29 18:34 B d:\Projects\Webpage Project\Shatin Kai Kwok\Website\js\calendar-en.js --> www.tcglobalwork.com /public_html/demo/webquest/htm/js calendar-en.js
105.09.29 18:34 B d:\Projects\Webpage Project\Shatin Kai Kwok\Website\js\validation.js --> www.tcglobalwork.com /public_html/demo/webquest/htm/js validation.js
105.10.07 19:46 B d:\Projects\Webpage Project\Shatin Kai Kwok\Website\js\calendar-en.js --> www.ccckkps.edu.hk /var/www/html/webquest/js calendar-en.js
105.10.07 19:46 B d:\Projects\Webpage Project\Shatin Kai Kwok\Website\js\calendar.css --> www.ccckkps.edu.hk /var/www/html/webquest/js calendar.css
105.10.07 19:46 B d:\Projects\Webpage Project\Shatin Kai Kwok\Website\js\calendar.js --> www.ccckkps.edu.hk /var/www/html/webquest/js calendar.js
105.10.07 19:46 B d:\Projects\Webpage Project\Shatin Kai Kwok\Website\js\calendarevents.js --> www.ccckkps.edu.hk /var/www/html/webquest/js calendarevents.js
105.10.07 19:46 B d:\Projects\Webpage Project\Shatin Kai Kwok\Website\js\style.css --> www.ccckkps.edu.hk /var/www/html/webquest/js style.css
105.10.07 19:46 B d:\Projects\Webpage Project\Shatin Kai Kwok\Website\js\style_normal.css --> www.ccckkps.edu.hk /var/www/html/webquest/js style_normal.css
105.10.07 19:46 B d:\Projects\Webpage Project\Shatin Kai Kwok\Website\js\validation.js --> www.ccckkps.edu.hk /var/www/html/webquest/js validation.js
105.10.07 19:46 B d:\Projects\Webpage Project\Shatin Kai Kwok\Website\js\WS_FTP.LOG --> www.ccckkps.edu.hk /var/www/html/webquest/js WS_FTP.LOG
105.10.10 11:15 B d:\Projects\Webpage Project\Shatin Kai Kwok\Website\js\style_normal.css --> www.ccckkps.edu.hk /var/www/html/webquest/js style_normal.css
105.10.10 13:14 B d:\Projects\Webpage Project\Shatin Kai Kwok\Website\js\style.css --> www.ccckkps.edu.hk /var/www/html/webquest/js style.css
105.10.10 13:17 B d:\Projects\Webpage Project\Shatin Kai Kwok\Website\js\style.css --> www.ccckkps.edu.hk /var/www/html/webquest/js style.css
105.10.10 13:18 B d:\Projects\Webpage Project\Shatin Kai Kwok\Website\js\style.css --> www.ccckkps.edu.hk /var/www/html/webquest/js style.css
105.10.10 13:28 B d:\Projects\Webpage Project\Shatin Kai Kwok\Website\js\style.css --> www.ccckkps.edu.hk /var/www/html/webquest/js style.css
