105.09.29 18:35 B d:\Projects\Webpage Project\Shatin Kai Kwok\Website\php-bin\get_subject_select_html.php --> www.tcglobalwork.com /public_html/demo/webquest/htm/php-bin get_subject_select_html.php
105.09.29 18:35 B d:\Projects\Webpage Project\Shatin Kai Kwok\Website\php-bin\get_subject_selection.php --> www.tcglobalwork.com /public_html/demo/webquest/htm/php-bin get_subject_selection.php
105.09.29 18:35 B d:\Projects\Webpage Project\Shatin Kai Kwok\Website\php-bin\get_class_selection_year1.php --> www.tcglobalwork.com /public_html/demo/webquest/htm/php-bin get_class_selection_year1.php
105.09.29 18:35 B d:\Projects\Webpage Project\Shatin Kai Kwok\Website\php-bin\admin_check.php --> www.tcglobalwork.com /public_html/demo/webquest/htm/php-bin admin_check.php
105.09.29 18:35 B d:\Projects\Webpage Project\Shatin Kai Kwok\Website\php-bin\teacher_check.php --> www.tcglobalwork.com /public_html/demo/webquest/htm/php-bin teacher_check.php
105.09.29 18:35 B d:\Projects\Webpage Project\Shatin Kai Kwok\Website\php-bin\get_study_type_selection.php --> www.tcglobalwork.com /public_html/demo/webquest/htm/php-bin get_study_type_selection.php
105.09.29 18:35 B d:\Projects\Webpage Project\Shatin Kai Kwok\Website\php-bin\get_study_type_select_html.php --> www.tcglobalwork.com /public_html/demo/webquest/htm/php-bin get_study_type_select_html.php
105.09.29 18:35 B d:\Projects\Webpage Project\Shatin Kai Kwok\Website\php-bin\get_class_student.php --> www.tcglobalwork.com /public_html/demo/webquest/htm/php-bin get_class_student.php
105.09.29 18:35 B d:\Projects\Webpage Project\Shatin Kai Kwok\Website\php-bin\get_class_select_html.php --> www.tcglobalwork.com /public_html/demo/webquest/htm/php-bin get_class_select_html.php
105.09.29 18:35 B d:\Projects\Webpage Project\Shatin Kai Kwok\Website\php-bin\show_title.php --> www.tcglobalwork.com /public_html/demo/webquest/htm/php-bin show_title.php
105.09.29 18:35 B d:\Projects\Webpage Project\Shatin Kai Kwok\Website\php-bin\show_post.php --> www.tcglobalwork.com /public_html/demo/webquest/htm/php-bin show_post.php
105.09.29 18:35 B d:\Projects\Webpage Project\Shatin Kai Kwok\Website\php-bin\get_class_selection.php --> www.tcglobalwork.com /public_html/demo/webquest/htm/php-bin get_class_selection.php
105.09.29 18:35 B d:\Projects\Webpage Project\Shatin Kai Kwok\Website\php-bin\function.php --> www.tcglobalwork.com /public_html/demo/webquest/htm/php-bin function.php
105.09.29 18:35 B d:\Projects\Webpage Project\Shatin Kai Kwok\Website\php-bin\pagedisplay.php --> www.tcglobalwork.com /public_html/demo/webquest/htm/php-bin pagedisplay.php
105.10.07 19:50 B d:\Projects\Webpage Project\Shatin Kai Kwok\Website\php-bin\admin_check.php --> www.ccckkps.edu.hk /var/www/html/webquest/php-bin admin_check.php
105.10.07 19:50 B d:\Projects\Webpage Project\Shatin Kai Kwok\Website\php-bin\function.php --> www.ccckkps.edu.hk /var/www/html/webquest/php-bin function.php
105.10.07 19:50 B d:\Projects\Webpage Project\Shatin Kai Kwok\Website\php-bin\get_class_select_html.php --> www.ccckkps.edu.hk /var/www/html/webquest/php-bin get_class_select_html.php
105.10.07 19:50 B d:\Projects\Webpage Project\Shatin Kai Kwok\Website\php-bin\get_class_selection.php --> www.ccckkps.edu.hk /var/www/html/webquest/php-bin get_class_selection.php
105.10.07 19:50 B d:\Projects\Webpage Project\Shatin Kai Kwok\Website\php-bin\get_class_selection_year1.php --> www.ccckkps.edu.hk /var/www/html/webquest/php-bin get_class_selection_year1.php
105.10.07 19:50 B d:\Projects\Webpage Project\Shatin Kai Kwok\Website\php-bin\get_class_student.php --> www.ccckkps.edu.hk /var/www/html/webquest/php-bin get_class_student.php
105.10.07 19:50 B d:\Projects\Webpage Project\Shatin Kai Kwok\Website\php-bin\get_study_type_select_html.php --> www.ccckkps.edu.hk /var/www/html/webquest/php-bin get_study_type_select_html.php
105.10.07 19:50 B d:\Projects\Webpage Project\Shatin Kai Kwok\Website\php-bin\get_study_type_selection.php --> www.ccckkps.edu.hk /var/www/html/webquest/php-bin get_study_type_selection.php
105.10.07 19:50 B d:\Projects\Webpage Project\Shatin Kai Kwok\Website\php-bin\get_subject_select_html.php --> www.ccckkps.edu.hk /var/www/html/webquest/php-bin get_subject_select_html.php
105.10.07 19:50 B d:\Projects\Webpage Project\Shatin Kai Kwok\Website\php-bin\get_subject_selection.php --> www.ccckkps.edu.hk /var/www/html/webquest/php-bin get_subject_selection.php
105.10.07 19:50 B d:\Projects\Webpage Project\Shatin Kai Kwok\Website\php-bin\pagedisplay.php --> www.ccckkps.edu.hk /var/www/html/webquest/php-bin pagedisplay.php
105.10.07 19:50 B d:\Projects\Webpage Project\Shatin Kai Kwok\Website\php-bin\show_post.php --> www.ccckkps.edu.hk /var/www/html/webquest/php-bin show_post.php
105.10.07 19:50 B d:\Projects\Webpage Project\Shatin Kai Kwok\Website\php-bin\show_title.php --> www.ccckkps.edu.hk /var/www/html/webquest/php-bin show_title.php
105.10.07 19:50 B d:\Projects\Webpage Project\Shatin Kai Kwok\Website\php-bin\teacher_check.php --> www.ccckkps.edu.hk /var/www/html/webquest/php-bin teacher_check.php
105.10.07 19:50 B d:\Projects\Webpage Project\Shatin Kai Kwok\Website\php-bin\WS_FTP.LOG --> www.ccckkps.edu.hk /var/www/html/webquest/php-bin WS_FTP.LOG
105.10.10 13:11 B d:\Projects\Webpage Project\Shatin Kai Kwok\Website\php-bin\show_post.php --> www.ccckkps.edu.hk /var/www/html/webquest/php-bin show_post.php
105.10.10 13:11 B d:\Projects\Webpage Project\Shatin Kai Kwok\Website\php-bin\show_title.php --> www.ccckkps.edu.hk /var/www/html/webquest/php-bin show_title.php
